<?xml version="1.0" encoding="UTF-8" ?>
<testsuite tests="5" failures="0" name="drawProgram.CanvasTest" time="0.01" errors="0" skipped="0">
  <properties>
[...]
</properties>
  <testcase classname="drawProgram.CanvasTest" name="testValid" time="0.007"/>
  <testcase classname="drawProgram.CanvasTest" name="testNegative1" time="0"/>
  <testcase classname="drawProgram.CanvasTest" name="testNegative2" time="0.001"/>
  <testcase classname="drawProgram.CanvasTest" name="testEmpty1" time="0.001"/>
  <testcase classname="drawProgram.CanvasTest" name="testNonInt" time="0.001"/>
</testsuite>